c:\users\nimerkuloff\source\repos\nimerkuloff\os-4\lab1\part 2\debug\vc142.pdb
c:\users\nimerkuloff\source\repos\nimerkuloff\os-4\lab1\part 2\debug\.netframework,version=v4.6.1.assemblyattributes.obj
c:\users\nimerkuloff\source\repos\nimerkuloff\os-4\lab1\part 2\debug\.netframework,version=v4.6.1.assemblyattributes.asm
c:\users\nimerkuloff\source\repos\nimerkuloff\os-4\lab1\part 2\debug\myform.obj
c:\users\nimerkuloff\source\repos\nimerkuloff\os-4\lab1\part 1\debug\project2.exe
c:\users\nimerkuloff\source\repos\nimerkuloff\os-4\lab1\part 1\debug\project2.pdb
c:\users\nimerkuloff\source\repos\nimerkuloff\os-4\lab1\part 2\debug\project1.myform.resources
c:\users\nimerkuloff\source\repos\nimerkuloff\os-4\lab1\part 2\debug\project1.vcxproj.generateresource.cache
c:\users\nimerkuloff\source\repos\nimerkuloff\os-4\lab1\part 2\debug\project1.vcxprojassemblyreference.cache
c:\users\nimerkuloff\source\repos\nimerkuloff\os-4\lab1\part 2\debug\project2.vcxproj.generateresource.cache
c:\users\nimerkuloff\source\repos\nimerkuloff\os-4\lab1\part 2\debug\project2.vcxprojassemblyreference.cache
c:\users\nimerkuloff\source\repos\nimerkuloff\os-4\lab1\part 2\debug\project1.pdb
c:\users\nimerkuloff\source\repos\nimerkuloff\os-4\lab1\part 2\debug\project1.exe.metagen
c:\users\nimerkuloff\source\repos\nimerkuloff\os-4\lab1\part 2\debug\project2.tlog\cl.command.1.tlog
c:\users\nimerkuloff\source\repos\nimerkuloff\os-4\lab1\part 2\debug\project2.tlog\cl.read.1.tlog
c:\users\nimerkuloff\source\repos\nimerkuloff\os-4\lab1\part 2\debug\project2.tlog\cl.write.1.tlog
c:\users\nimerkuloff\source\repos\nimerkuloff\os-4\lab1\part 2\debug\project2.tlog\link.1488.delete.1.tlog
c:\users\nimerkuloff\source\repos\nimerkuloff\os-4\lab1\part 2\debug\project2.tlog\link.1500.delete.1.tlog
c:\users\nimerkuloff\source\repos\nimerkuloff\os-4\lab1\part 2\debug\project2.tlog\link.1564.delete.1.tlog
c:\users\nimerkuloff\source\repos\nimerkuloff\os-4\lab1\part 2\debug\project2.tlog\link.2096.delete.1.tlog
c:\users\nimerkuloff\source\repos\nimerkuloff\os-4\lab1\part 2\debug\project2.tlog\link.2508.delete.1.tlog
c:\users\nimerkuloff\source\repos\nimerkuloff\os-4\lab1\part 2\debug\project2.tlog\link.2676.delete.1.tlog
c:\users\nimerkuloff\source\repos\nimerkuloff\os-4\lab1\part 2\debug\project2.tlog\link.408.delete.1.tlog
c:\users\nimerkuloff\source\repos\nimerkuloff\os-4\lab1\part 2\debug\project2.tlog\link.4296.delete.1.tlog
c:\users\nimerkuloff\source\repos\nimerkuloff\os-4\lab1\part 2\debug\project2.tlog\link.4316.delete.1.tlog
c:\users\nimerkuloff\source\repos\nimerkuloff\os-4\lab1\part 2\debug\project2.tlog\link.4432.delete.1.tlog
c:\users\nimerkuloff\source\repos\nimerkuloff\os-4\lab1\part 2\debug\project2.tlog\link.4616.delete.1.tlog
c:\users\nimerkuloff\source\repos\nimerkuloff\os-4\lab1\part 2\debug\project2.tlog\link.4660.delete.1.tlog
c:\users\nimerkuloff\source\repos\nimerkuloff\os-4\lab1\part 2\debug\project2.tlog\link.4800.delete.1.tlog
c:\users\nimerkuloff\source\repos\nimerkuloff\os-4\lab1\part 2\debug\project2.tlog\link.4900.delete.1.tlog
c:\users\nimerkuloff\source\repos\nimerkuloff\os-4\lab1\part 2\debug\project2.tlog\link.5000.delete.1.tlog
c:\users\nimerkuloff\source\repos\nimerkuloff\os-4\lab1\part 2\debug\project2.tlog\link.5140.delete.1.tlog
c:\users\nimerkuloff\source\repos\nimerkuloff\os-4\lab1\part 2\debug\project2.tlog\link.5324.delete.1.tlog
c:\users\nimerkuloff\source\repos\nimerkuloff\os-4\lab1\part 2\debug\project2.tlog\link.5716.delete.1.tlog
c:\users\nimerkuloff\source\repos\nimerkuloff\os-4\lab1\part 2\debug\project2.tlog\link.6224.delete.1.tlog
c:\users\nimerkuloff\source\repos\nimerkuloff\os-4\lab1\part 2\debug\project2.tlog\link.6544.delete.1.tlog
c:\users\nimerkuloff\source\repos\nimerkuloff\os-4\lab1\part 2\debug\project2.tlog\link.6664.delete.1.tlog
c:\users\nimerkuloff\source\repos\nimerkuloff\os-4\lab1\part 2\debug\project2.tlog\link.6748.delete.1.tlog
c:\users\nimerkuloff\source\repos\nimerkuloff\os-4\lab1\part 2\debug\project2.tlog\link.6872.delete.1.tlog
c:\users\nimerkuloff\source\repos\nimerkuloff\os-4\lab1\part 2\debug\project2.tlog\link.7080.delete.1.tlog
c:\users\nimerkuloff\source\repos\nimerkuloff\os-4\lab1\part 2\debug\project2.tlog\link.7280.delete.1.tlog
c:\users\nimerkuloff\source\repos\nimerkuloff\os-4\lab1\part 2\debug\project2.tlog\link.7352.delete.1.tlog
c:\users\nimerkuloff\source\repos\nimerkuloff\os-4\lab1\part 2\debug\project2.tlog\link.7408.delete.1.tlog
c:\users\nimerkuloff\source\repos\nimerkuloff\os-4\lab1\part 2\debug\project2.tlog\link.7812.delete.1.tlog
c:\users\nimerkuloff\source\repos\nimerkuloff\os-4\lab1\part 2\debug\project2.tlog\link.7824.delete.1.tlog
c:\users\nimerkuloff\source\repos\nimerkuloff\os-4\lab1\part 2\debug\project2.tlog\link.8024.delete.1.tlog
c:\users\nimerkuloff\source\repos\nimerkuloff\os-4\lab1\part 2\debug\project2.tlog\link.8176.delete.1.tlog
c:\users\nimerkuloff\source\repos\nimerkuloff\os-4\lab1\part 2\debug\project2.tlog\link.8540.delete.1.tlog
c:\users\nimerkuloff\source\repos\nimerkuloff\os-4\lab1\part 2\debug\project2.tlog\link.8764.delete.1.tlog
c:\users\nimerkuloff\source\repos\nimerkuloff\os-4\lab1\part 2\debug\project2.tlog\link.8804.delete.1.tlog
c:\users\nimerkuloff\source\repos\nimerkuloff\os-4\lab1\part 2\debug\project2.tlog\link.8840.delete.1.tlog
c:\users\nimerkuloff\source\repos\nimerkuloff\os-4\lab1\part 2\debug\project2.tlog\link.9164.delete.1.tlog
c:\users\nimerkuloff\source\repos\nimerkuloff\os-4\lab1\part 2\debug\project2.tlog\link.9176.delete.1.tlog
c:\users\nimerkuloff\source\repos\nimerkuloff\os-4\lab1\part 2\debug\project2.tlog\link.command.1.tlog
c:\users\nimerkuloff\source\repos\nimerkuloff\os-4\lab1\part 2\debug\project2.tlog\link.read.1.tlog
c:\users\nimerkuloff\source\repos\nimerkuloff\os-4\lab1\part 2\debug\project2.tlog\link.write.1.tlog
c:\users\nimerkuloff\source\repos\nimerkuloff\os-4\lab1\part 2\debug\project2.tlog\metagen.read.1.tlog
c:\users\nimerkuloff\source\repos\nimerkuloff\os-4\lab1\part 2\debug\project2.tlog\metagen.write.1.tlog
c:\users\nimerkuloff\source\repos\nimerkuloff\os-4\lab1\part 2\debug\project2.tlog\project2.write.1u.tlog
