c:\users\nimerkuloff\source\repos\nimerkuloff\os-4\lab1\debug\vc142.pdb
c:\users\nimerkuloff\source\repos\nimerkuloff\os-4\lab1\debug\.netframework,version=v4.6.1.assemblyattributes.obj
c:\users\nimerkuloff\source\repos\nimerkuloff\os-4\lab1\debug\.netframework,version=v4.6.1.assemblyattributes.asm
c:\users\nimerkuloff\source\repos\nimerkuloff\os-4\lab1\debug\myform.obj
c:\users\nimerkuloff\source\repos\nimerkuloff\os-4\lab1\debug\project1.exe
c:\users\nimerkuloff\source\repos\nimerkuloff\os-4\lab1\debug\project1.pdb
c:\users\nimerkuloff\source\repos\nimerkuloff\os-4\lab1\debug\project1.myform.resources
c:\users\nimerkuloff\source\repos\nimerkuloff\os-4\lab1\part 1\debug\project1.vcxproj.generateresource.cache
c:\users\nimerkuloff\source\repos\nimerkuloff\os-4\lab1\part 1\debug\project1.vcxprojassemblyreference.cache
c:\users\nimerkuloff\source\repos\nimerkuloff\os-4\lab1\part 1\debug\.netframework,version=v4.6.1.assemblyattributes.obj
c:\users\nimerkuloff\source\repos\nimerkuloff\os-4\lab1\part 1\debug\myform.obj
c:\users\nimerkuloff\source\repos\nimerkuloff\os-4\lab1\part 1\debug\project1.myform.resources
c:\users\nimerkuloff\source\repos\nimerkuloff\os-4\lab1\part 1\debug\project1.pdb
c:\users\nimerkuloff\source\repos\nimerkuloff\os-4\lab1\part 1\debug\vc142.pdb
c:\users\nimerkuloff\source\repos\nimerkuloff\os-4\lab1\part 1\debug\project1.exe.metagen
c:\users\nimerkuloff\source\repos\nimerkuloff\os-4\lab1\part 1\debug\project1.exe
c:\users\nimerkuloff\source\repos\nimerkuloff\os-4\lab1\part 1\debug\project1.tlog\cl.command.1.tlog
c:\users\nimerkuloff\source\repos\nimerkuloff\os-4\lab1\part 1\debug\project1.tlog\cl.read.1.tlog
c:\users\nimerkuloff\source\repos\nimerkuloff\os-4\lab1\part 1\debug\project1.tlog\cl.write.1.tlog
c:\users\nimerkuloff\source\repos\nimerkuloff\os-4\lab1\part 1\debug\project1.tlog\link.2792.delete.1.tlog
c:\users\nimerkuloff\source\repos\nimerkuloff\os-4\lab1\part 1\debug\project1.tlog\link.6400.delete.1.tlog
c:\users\nimerkuloff\source\repos\nimerkuloff\os-4\lab1\part 1\debug\project1.tlog\link.6776.delete.1.tlog
c:\users\nimerkuloff\source\repos\nimerkuloff\os-4\lab1\part 1\debug\project1.tlog\link.7952.delete.1.tlog
c:\users\nimerkuloff\source\repos\nimerkuloff\os-4\lab1\part 1\debug\project1.tlog\link.command.1.tlog
c:\users\nimerkuloff\source\repos\nimerkuloff\os-4\lab1\part 1\debug\project1.tlog\link.read.1.tlog
c:\users\nimerkuloff\source\repos\nimerkuloff\os-4\lab1\part 1\debug\project1.tlog\link.write.1.tlog
c:\users\nimerkuloff\source\repos\nimerkuloff\os-4\lab1\part 1\debug\project1.tlog\metagen.read.1.tlog
c:\users\nimerkuloff\source\repos\nimerkuloff\os-4\lab1\part 1\debug\project1.tlog\metagen.write.1.tlog
c:\users\nimerkuloff\source\repos\nimerkuloff\os-4\lab1\part 1\debug\project1.tlog\project1.write.1u.tlog
